<?xml version="1.0" encoding="UTF-8"?>
<!-- Generated by org.testng.reporters.JUnitReportReporter -->
<testsuite hostname="DESKTOP-0A8DN9C" failures="0" tests="1" name="TestNG.ex9_Sample1" time="0.018" errors="0" timestamp="2024-11-13T11:14:34 IST" skipped="0">
  <testcase classname="TestNG.ex9_Sample1" name="TC1" time="0.018">
    <system-out>
      <![CDATA[--running TC1--]]>
    </system-out>
  </testcase> <!-- TC1 -->
  <system-out>
    <![CDATA[--running TC1--]]>
  </system-out>
</testsuite> <!-- TestNG.ex9_Sample1 -->
