<?xml version="1.0" encoding="UTF-8"?>
<!-- Generated by org.testng.reporters.JUnitReportReporter -->
<testsuite hostname="DESKTOP-0A8DN9C" failures="0" tests="2" name="TestNG.ex5_TestNGKeywords1_invocationCount" time="0.028" errors="0" timestamp="2024-11-09T17:19:38 IST" skipped="0">
  <testcase classname="TestNG.ex5_TestNGKeywords1_invocationCount" name="verifyLogo1" time="0.006">
    <system-out>
      <![CDATA[--running verify logo--]]>
    </system-out>
  </testcase> <!-- verifyLogo1 -->
  <testcase classname="TestNG.ex5_TestNGKeywords1_invocationCount" name="verifyLogo1" time="0.022">
    <system-out>
      <![CDATA[--running verify logo--]]>
    </system-out>
  </testcase> <!-- verifyLogo1 -->
  <system-out>
    <![CDATA[--running verify logo--
--running verify logo--]]>
  </system-out>
</testsuite> <!-- TestNG.ex5_TestNGKeywords1_invocationCount -->
