<?xml version="1.0" encoding="UTF-8"?>
<!-- Generated by org.testng.reporters.JUnitReportReporter -->
<testsuite hostname="DESKTOP-0A8DN9C" failures="0" tests="3" name="TestNG.ex3_EmailableReport" time="0.036" errors="0" timestamp="2024-11-12T12:31:52 IST" skipped="0">
  <testcase classname="TestNG.ex3_EmailableReport" name="TC2" time="0.002">
    <system-out>
      <![CDATA[--running TC2]]>
    </system-out>
  </testcase> <!-- TC2 -->
  <testcase classname="TestNG.ex3_EmailableReport" name="TC3" time="0.016">
    <system-out>
      <![CDATA[--running TC3]]>
    </system-out>
  </testcase> <!-- TC3 -->
  <testcase classname="TestNG.ex3_EmailableReport" name="TC1" time="0.018">
    <system-out>
      <![CDATA[--running TC1]]>
    </system-out>
  </testcase> <!-- TC1 -->
  <system-out>
    <![CDATA[--running TC1
--running TC2
--running TC3]]>
  </system-out>
</testsuite> <!-- TestNG.ex3_EmailableReport -->
