<?xml version="1.0" encoding="UTF-8"?>
<!-- Generated by org.testng.reporters.JUnitReportReporter -->
<testsuite hostname="DESKTOP-0A8DN9C" failures="0" tests="2" name="TestNG.ex12_MultibrowserTesting" time="21.473" errors="0" timestamp="2024-11-19T13:45:39 IST" skipped="0">
  <testcase classname="TestNG.ex12_MultibrowserTesting" name="verifyLoginTc" time="8.128"/>
  <testcase classname="TestNG.ex12_MultibrowserTesting" name="verifyLoginTc" time="13.345"/>
</testsuite> <!-- TestNG.ex12_MultibrowserTesting -->
