<?xml version="1.0" encoding="UTF-8"?>
<!-- Generated by org.testng.reporters.JUnitReportReporter -->
<testsuite hostname="DESKTOP-0A8DN9C" failures="0" tests="2" name="TestNG.demo2" time="0.005" errors="0" timestamp="2024-11-18T15:38:29 IST" skipped="0">
  <testcase classname="TestNG.demo2" name="TC6" time="0.003">
    <system-out>
      <![CDATA[running Tc6--]]>
    </system-out>
  </testcase> <!-- TC6 -->
  <testcase classname="TestNG.demo2" name="TC7" time="0.002">
    <system-out>
      <![CDATA[running Tc7--]]>
    </system-out>
  </testcase> <!-- TC7 -->
  <system-out>
    <![CDATA[running Tc1--
running Tc2--
running Tc6--
running Tc7--]]>
  </system-out>
</testsuite> <!-- TestNG.demo2 -->
