<?xml version="1.0" encoding="UTF-8"?>
<!-- Generated by org.testng.reporters.JUnitReportReporter -->
<testsuite hostname="DESKTOP-0A8DN9C" failures="0" tests="3" name="TestNG.ex6_Sample1" time="0.030" errors="0" timestamp="2024-11-11T21:37:50 IST" skipped="0">
  <testcase classname="TestNG.ex6_Sample1" name="TC1" time="0.019">
    <system-out>
      <![CDATA[--running Tc1--]]>
    </system-out>
  </testcase> <!-- TC1 -->
  <testcase classname="TestNG.ex6_Sample1" name="TC2" time="0.008">
    <system-out>
      <![CDATA[--running Tc2--]]>
    </system-out>
  </testcase> <!-- TC2 -->
  <testcase classname="TestNG.ex6_Sample1" name="TC3" time="0.003">
    <system-out>
      <![CDATA[--running Tc3--]]>
    </system-out>
  </testcase> <!-- TC3 -->
  <system-out>
    <![CDATA[--running Tc1--
--running Tc2--
--running Tc3--
---running TC4---
---running TC5--
---running TC6--]]>
  </system-out>
</testsuite> <!-- TestNG.ex6_Sample1 -->
