<?xml version="1.0" encoding="UTF-8"?>
<!-- Generated by org.testng.reporters.JUnitReportReporter -->
<testsuite hostname="DESKTOP-0A8DN9C" failures="0" tests="2" name="TestNG.ex4_TestNGAnnotations" time="0.021" errors="0" timestamp="2024-11-09T17:16:08 IST" skipped="0">
  <testcase classname="TestNG.ex4_TestNGAnnotations" name="verifylogo1" time="0.014">
    <system-out>
      <![CDATA[--running verify logo1--]]>
    </system-out>
  </testcase> <!-- verifylogo1 -->
  <testcase classname="TestNG.ex4_TestNGAnnotations" name="verifylogo2" time="0.007">
    <system-out>
      <![CDATA[--running verify logo2---]]>
    </system-out>
  </testcase> <!-- verifylogo2 -->
  <system-out>
    <![CDATA[open Browser
Login to app
--running verify logo1--
logout from App
Login to app
--running verify logo2---
logout from App
close Browser]]>
  </system-out>
</testsuite> <!-- TestNG.ex4_TestNGAnnotations -->
