<?xml version="1.0" encoding="UTF-8"?>
<!-- Generated by org.testng.reporters.JUnitReportReporter -->
<testsuite hostname="DESKTOP-0A8DN9C" failures="0" tests="1" name="TestNG.ex9_Sample2" time="0.019" errors="0" timestamp="2024-11-13T11:35:32 IST" skipped="0">
  <testcase classname="TestNG.ex9_Sample2" name="TC6" time="0.019">
    <system-out>
      <![CDATA[---running TC6--]]>
    </system-out>
  </testcase> <!-- TC6 -->
  <system-out>
    <![CDATA[---running TC6--]]>
  </system-out>
</testsuite> <!-- TestNG.ex9_Sample2 -->
