<?xml version="1.0" encoding="UTF-8"?>
<!-- Generated by org.testng.reporters.JUnitReportReporter -->
<testsuite hostname="DESKTOP-0A8DN9C" failures="0" tests="3" name="TestNG.ex5_TestNGKeyword2_enable" time="0.030" errors="0" timestamp="2024-11-09T17:24:42 IST" skipped="1">
  <testcase classname="TestNG.ex5_TestNGKeyword2_enable" name="TC1" time="0.024">
    <system-out>
      <![CDATA[---running TC1---]]>
    </system-out>
  </testcase> <!-- TC1 -->
  <testcase classname="TestNG.ex5_TestNGKeyword2_enable" name="TC3" time="0.006">
    <system-out>
      <![CDATA[--running TC3--]]>
    </system-out>
  </testcase> <!-- TC3 -->
  <testcase classname="TestNG.ex5_TestNGKeyword2_enable" name="TC2">
    <skipped/>
  </testcase> <!-- TC2 -->
  <system-out>
    <![CDATA[---running TC1---
--running TC3--]]>
  </system-out>
</testsuite> <!-- TestNG.ex5_TestNGKeyword2_enable -->
