<?xml version="1.0" encoding="UTF-8"?>
<!-- Generated by org.testng.reporters.JUnitReportReporter -->
<testsuite hostname="DESKTOP-0A8DN9C" failures="0" tests="4" name="TestNG.ex5_TestNGKeywords3_priority2" time="0.052" errors="0" timestamp="2024-11-09T17:34:00 IST" skipped="0">
  <testcase classname="TestNG.ex5_TestNGKeywords3_priority2" name="TC2" time="0.027">
    <system-out>
      <![CDATA[---running TC2----]]>
    </system-out>
  </testcase> <!-- TC2 -->
  <testcase classname="TestNG.ex5_TestNGKeywords3_priority2" name="TC4" time="0.007">
    <system-out>
      <![CDATA[---running TC4----]]>
    </system-out>
  </testcase> <!-- TC4 -->
  <testcase classname="TestNG.ex5_TestNGKeywords3_priority2" name="TC1" time="0.009">
    <system-out>
      <![CDATA[---running TC1----]]>
    </system-out>
  </testcase> <!-- TC1 -->
  <testcase classname="TestNG.ex5_TestNGKeywords3_priority2" name="TC3" time="0.009">
    <system-out>
      <![CDATA[--running TC3--]]>
    </system-out>
  </testcase> <!-- TC3 -->
  <system-out>
    <![CDATA[---running TC2----
---running TC4----
---running TC1----
--running TC3--]]>
  </system-out>
</testsuite> <!-- TestNG.ex5_TestNGKeywords3_priority2 -->
