<?xml version="1.0" encoding="UTF-8"?>
<!-- Generated by org.testng.reporters.JUnitReportReporter -->
<testsuite hostname="DESKTOP-0A8DN9C" failures="0" tests="3" name="TestNG.ex6_Sample2" time="0.036" errors="0" timestamp="2024-11-11T21:37:50 IST" skipped="0">
  <testcase classname="TestNG.ex6_Sample2" name="TC4" time="0.014">
    <system-out>
      <![CDATA[---running TC4---]]>
    </system-out>
  </testcase> <!-- TC4 -->
  <testcase classname="TestNG.ex6_Sample2" name="TC5" time="0.013">
    <system-out>
      <![CDATA[---running TC5--]]>
    </system-out>
  </testcase> <!-- TC5 -->
  <testcase classname="TestNG.ex6_Sample2" name="TC6" time="0.009">
    <system-out>
      <![CDATA[---running TC6--]]>
    </system-out>
  </testcase> <!-- TC6 -->
  <system-out>
    <![CDATA[--running Tc1--
--running Tc2--
--running Tc3--
---running TC4---
---running TC5--
---running TC6--]]>
  </system-out>
</testsuite> <!-- TestNG.ex6_Sample2 -->
