<?xml version="1.0" encoding="UTF-8"?>
<!-- Generated by org.testng.reporters.JUnitReportReporter -->
<testsuite hostname="DESKTOP-0A8DN9C" failures="0" tests="1" name="TestNG.ex11_Parallel2" time="10.157" errors="0" timestamp="2024-11-13T12:37:22 IST" skipped="0">
  <testcase classname="TestNG.ex11_Parallel2" name="openFlipkartApp" time="10.157"/>
</testsuite> <!-- TestNG.ex11_Parallel2 -->
