<?xml version="1.0" encoding="UTF-8"?>
<!-- Generated by org.testng.reporters.JUnitReportReporter -->
<testsuite hostname="DESKTOP-0A8DN9C" failures="0" tests="1" name="TestNG.ex2_TestNGTestClass" time="9.127" errors="0" timestamp="2024-11-08T22:32:40 IST" skipped="0">
  <testcase classname="TestNG.ex2_TestNGTestClass" name="TC1" time="9.127"/>
</testsuite> <!-- TestNG.ex2_TestNGTestClass -->
