<?xml version="1.0" encoding="UTF-8"?>
<!-- Generated by org.testng.reporters.JUnitReportReporter -->
<testsuite hostname="DESKTOP-0A8DN9C" failures="0" tests="1" name="POM_DDF_TestNG_BaseClass_UtilityClass.SwagLabLoginTest" time="12.425" errors="0" timestamp="2024-11-19T19:52:26 IST" skipped="0">
  <testcase classname="POM_DDF_TestNG_BaseClass_UtilityClass.SwagLabLoginTest" name="verifyLogo" time="12.425"/>
</testsuite> <!-- POM_DDF_TestNG_BaseClass_UtilityClass.SwagLabLoginTest -->
