<?xml version="1.0" encoding="UTF-8"?>
<!-- Generated by org.testng.reporters.JUnitReportReporter -->
<testsuite hostname="DESKTOP-0A8DN9C" failures="0" tests="2" name="TestNG.demo1" time="0.016" errors="0" timestamp="2024-11-18T15:38:29 IST" skipped="0">
  <testcase classname="TestNG.demo1" name="TC1" time="0.013">
    <system-out>
      <![CDATA[running Tc1--]]>
    </system-out>
  </testcase> <!-- TC1 -->
  <testcase classname="TestNG.demo1" name="TC2" time="0.003">
    <system-out>
      <![CDATA[running Tc2--]]>
    </system-out>
  </testcase> <!-- TC2 -->
  <system-out>
    <![CDATA[running Tc1--
running Tc2--
running Tc6--
running Tc7--]]>
  </system-out>
</testsuite> <!-- TestNG.demo1 -->
