<?xml version="1.0" encoding="UTF-8"?>
<!-- Generated by org.testng.reporters.JUnitReportReporter -->
<testsuite hostname="DESKTOP-0A8DN9C" failures="0" tests="6" name="TestNG.ex10_Grouping1" time="0.015" errors="0" timestamp="2024-11-13T12:19:03 IST" skipped="0">
  <testcase classname="TestNG.ex10_Grouping1" name="TC4" time="0.002">
    <system-out>
      <![CDATA[running TC4--]]>
    </system-out>
  </testcase> <!-- TC4 -->
  <testcase classname="TestNG.ex10_Grouping1" name="TC1" time="0.004">
    <system-out>
      <![CDATA[running TC1--]]>
    </system-out>
  </testcase> <!-- TC1 -->
  <testcase classname="TestNG.ex10_Grouping1" name="TC2" time="0.002">
    <system-out>
      <![CDATA[running TC2--]]>
    </system-out>
  </testcase> <!-- TC2 -->
  <testcase classname="TestNG.ex10_Grouping1" name="TC6" time="0.003">
    <system-out>
      <![CDATA[running TC6--]]>
    </system-out>
  </testcase> <!-- TC6 -->
  <testcase classname="TestNG.ex10_Grouping1" name="TC5" time="0.002">
    <system-out>
      <![CDATA[running TC5--]]>
    </system-out>
  </testcase> <!-- TC5 -->
  <testcase classname="TestNG.ex10_Grouping1" name="TC3" time="0.002">
    <system-out>
      <![CDATA[running TC3--]]>
    </system-out>
  </testcase> <!-- TC3 -->
  <system-out>
    <![CDATA[running TC10--
running TC11--
running TC12--
running TC7--
running TC8--
running TC9--
running TC1--
running TC2--
running TC3--
running TC4--
running TC5--
running TC6--]]>
  </system-out>
</testsuite> <!-- TestNG.ex10_Grouping1 -->
