<?xml version="1.0" encoding="UTF-8"?>
<!-- Generated by org.testng.reporters.JUnitReportReporter -->
<testsuite hostname="DESKTOP-0A8DN9C" failures="0" tests="1" name="TestNG.ex7_Verfication_Assertion6" time="0.023" errors="0" timestamp="2024-11-18T15:12:58 IST" skipped="0">
  <testcase classname="TestNG.ex7_Verfication_Assertion6" name="m1_softAssert" time="0.023"/>
</testsuite> <!-- TestNG.ex7_Verfication_Assertion6 -->
