<?xml version="1.0" encoding="UTF-8"?>
<!-- Generated by org.testng.reporters.JUnitReportReporter -->
<testsuite hostname="DESKTOP-0A8DN9C" failures="0" tests="6" name="TestNG.ex10_grouping2" time="0.026" errors="0" timestamp="2024-11-13T12:19:03 IST" skipped="0">
  <testcase classname="TestNG.ex10_grouping2" name="TC10" time="0.012">
    <system-out>
      <![CDATA[running TC10--]]>
    </system-out>
  </testcase> <!-- TC10 -->
  <testcase classname="TestNG.ex10_grouping2" name="TC9" time="0.002">
    <system-out>
      <![CDATA[running TC9--]]>
    </system-out>
  </testcase> <!-- TC9 -->
  <testcase classname="TestNG.ex10_grouping2" name="TC8" time="0.002">
    <system-out>
      <![CDATA[running TC8--]]>
    </system-out>
  </testcase> <!-- TC8 -->
  <testcase classname="TestNG.ex10_grouping2" name="TC11" time="0.004">
    <system-out>
      <![CDATA[running TC11--]]>
    </system-out>
  </testcase> <!-- TC11 -->
  <testcase classname="TestNG.ex10_grouping2" name="TC12" time="0.003">
    <system-out>
      <![CDATA[running TC12--]]>
    </system-out>
  </testcase> <!-- TC12 -->
  <testcase classname="TestNG.ex10_grouping2" name="TC7" time="0.003">
    <system-out>
      <![CDATA[running TC7--]]>
    </system-out>
  </testcase> <!-- TC7 -->
  <system-out>
    <![CDATA[running TC10--
running TC11--
running TC12--
running TC7--
running TC8--
running TC9--
running TC1--
running TC2--
running TC3--
running TC4--
running TC5--
running TC6--]]>
  </system-out>
</testsuite> <!-- TestNG.ex10_grouping2 -->
