<?xml version="1.0" encoding="UTF-8"?>
<!-- Generated by org.testng.reporters.JUnitReportReporter -->
<testsuite hostname="DESKTOP-0A8DN9C" failures="0" tests="3" name="TestNG.ex5_TestNGKeyword3_priority1" time="0.025" errors="0" timestamp="2024-11-09T17:28:52 IST" skipped="0">
  <testcase classname="TestNG.ex5_TestNGKeyword3_priority1" name="TC3" time="0.018">
    <system-out>
      <![CDATA[----running TC3---]]>
    </system-out>
  </testcase> <!-- TC3 -->
  <testcase classname="TestNG.ex5_TestNGKeyword3_priority1" name="TC1" time="0.005">
    <system-out>
      <![CDATA[---running TC1---]]>
    </system-out>
  </testcase> <!-- TC1 -->
  <testcase classname="TestNG.ex5_TestNGKeyword3_priority1" name="TC2" time="0.002">
    <system-out>
      <![CDATA[---running TC2---]]>
    </system-out>
  </testcase> <!-- TC2 -->
  <system-out>
    <![CDATA[----running TC3---
---running TC1---
---running TC2---]]>
  </system-out>
</testsuite> <!-- TestNG.ex5_TestNGKeyword3_priority1 -->
